<?xml version="1.0" encoding="UTF-8"?>
<testsuite name="paperfrog.dot.boardservice.domain.board.BoardRepositoryTest" tests="6" skipped="0" failures="0" errors="0" timestamp="2021-08-09T13:51:27" hostname="paperfrog-mac.local" time="0.125">
  <properties/>
  <testcase name="저장 내용 확인" classname="paperfrog.dot.boardservice.domain.board.BoardRepositoryTest" time="0.085"/>
  <testcase name="전체 검색(3개 저장)" classname="paperfrog.dot.boardservice.domain.board.BoardRepositoryTest" time="0.004"/>
  <testcase name="저장 날짜 확인" classname="paperfrog.dot.boardservice.domain.board.BoardRepositoryTest" time="0.006"/>
  <testcase name="id로 검색" classname="paperfrog.dot.boardservice.domain.board.BoardRepositoryTest" time="0.003"/>
  <testcase name="저장 제목 확인" classname="paperfrog.dot.boardservice.domain.board.BoardRepositoryTest" time="0.001"/>
  <testcase name="전체 검색(100개 저장)" classname="paperfrog.dot.boardservice.domain.board.BoardRepositoryTest" time="0.013"/>
  <system-out><![CDATA[]]></system-out>
  <system-err><![CDATA[]]></system-err>
</testsuite>
