<?xml version="1.0" encoding="UTF-8"?>
<testsuite name="paperfrog.dot.memberservice.domain.member.MemberRepositoryTest" tests="3" skipped="0" failures="0" errors="0" timestamp="2021-08-11T13:21:45" hostname="paperfrog-mac.local" time="0.095">
  <properties/>
  <testcase name="저장 닉네임 확인" classname="paperfrog.dot.memberservice.domain.member.MemberRepositoryTest" time="0.07"/>
  <testcase name="전체 검색(3개 저장)" classname="paperfrog.dot.memberservice.domain.member.MemberRepositoryTest" time="0.003"/>
  <testcase name="전체 검색(100개 저장)" classname="paperfrog.dot.memberservice.domain.member.MemberRepositoryTest" time="0.017"/>
  <system-out><![CDATA[]]></system-out>
  <system-err><![CDATA[]]></system-err>
</testsuite>
